The system is: Darwin - 15.6.0 - x86_64
Compiling the C compiler identification source file "CMakeCCompilerId.c" succeeded.
Compiler: /Applications/Xcode.app/Contents/Developer/Toolchains/XcodeDefault.xctoolchain/usr/bin/cc 
Build flags: 
Id flags: 

The output was:
0


Compilation of the C compiler identification source "CMakeCCompilerId.c" produced "a.out"

The C compiler identification is AppleClang, found in "/Users/tjcorona/Development/Software/Albany/Dependencies/zlib-1.2.8/build/CMakeFiles/3.6.0/CompilerIdC/a.out"

Determining if the C compiler works passed with the following output:
Change Dir: /Users/tjcorona/Development/Software/Albany/Dependencies/zlib-1.2.8/build/CMakeFiles/CMakeTmp

Run Build Command:"/usr/bin/make" "cmTC_06599/fast"
/Applications/Xcode.app/Contents/Developer/usr/bin/make -f CMakeFiles/cmTC_06599.dir/build.make CMakeFiles/cmTC_06599.dir/build
Building C object CMakeFiles/cmTC_06599.dir/testCCompiler.c.o
/Applications/Xcode.app/Contents/Developer/Toolchains/XcodeDefault.xctoolchain/usr/bin/cc     -o CMakeFiles/cmTC_06599.dir/testCCompiler.c.o   -c /Users/tjcorona/Development/Software/Albany/Dependencies/zlib-1.2.8/build/CMakeFiles/CMakeTmp/testCCompiler.c
Linking C executable cmTC_06599
/usr/local/Cellar/cmake/3.6.0_1/bin/cmake -E cmake_link_script CMakeFiles/cmTC_06599.dir/link.txt --verbose=1
/Applications/Xcode.app/Contents/Developer/Toolchains/XcodeDefault.xctoolchain/usr/bin/cc    -Wl,-search_paths_first -Wl,-headerpad_max_install_names   CMakeFiles/cmTC_06599.dir/testCCompiler.c.o  -o cmTC_06599  


Detecting C compiler ABI info compiled with the following output:
Change Dir: /Users/tjcorona/Development/Software/Albany/Dependencies/zlib-1.2.8/build/CMakeFiles/CMakeTmp

Run Build Command:"/usr/bin/make" "cmTC_f3d43/fast"
/Applications/Xcode.app/Contents/Developer/usr/bin/make -f CMakeFiles/cmTC_f3d43.dir/build.make CMakeFiles/cmTC_f3d43.dir/build
Building C object CMakeFiles/cmTC_f3d43.dir/CMakeCCompilerABI.c.o
/Applications/Xcode.app/Contents/Developer/Toolchains/XcodeDefault.xctoolchain/usr/bin/cc     -o CMakeFiles/cmTC_f3d43.dir/CMakeCCompilerABI.c.o   -c /usr/local/Cellar/cmake/3.6.0_1/share/cmake/Modules/CMakeCCompilerABI.c
Linking C executable cmTC_f3d43
/usr/local/Cellar/cmake/3.6.0_1/bin/cmake -E cmake_link_script CMakeFiles/cmTC_f3d43.dir/link.txt --verbose=1
/Applications/Xcode.app/Contents/Developer/Toolchains/XcodeDefault.xctoolchain/usr/bin/cc    -Wl,-search_paths_first -Wl,-headerpad_max_install_names  -v -Wl,-v CMakeFiles/cmTC_f3d43.dir/CMakeCCompilerABI.c.o  -o cmTC_f3d43   
Apple LLVM version 7.3.0 (clang-703.0.31)
Target: x86_64-apple-darwin15.6.0
Thread model: posix
InstalledDir: /Applications/Xcode.app/Contents/Developer/Toolchains/XcodeDefault.xctoolchain/usr/bin
 "/Applications/Xcode.app/Contents/Developer/Toolchains/XcodeDefault.xctoolchain/usr/bin/ld" -demangle -dynamic -arch x86_64 -macosx_version_min 10.11.0 -o cmTC_f3d43 -search_paths_first -headerpad_max_install_names -v CMakeFiles/cmTC_f3d43.dir/CMakeCCompilerABI.c.o -lSystem /Applications/Xcode.app/Contents/Developer/Toolchains/XcodeDefault.xctoolchain/usr/bin/../lib/clang/7.3.0/lib/darwin/libclang_rt.osx.a
@(#)PROGRAM:ld  PROJECT:ld64-264.3.102
configured to support archs: armv6 armv7 armv7s arm64 i386 x86_64 x86_64h armv6m armv7k armv7m armv7em (tvOS)
Library search paths:
	/usr/lib
	/usr/local/lib
Framework search paths:
	/Library/Frameworks/
	/System/Library/Frameworks/


Parsed C implicit link information from above output:
  link line regex: [^( *|.*[/\])(ld|([^/\]+-)?ld|collect2)[^/\]*( |$)]
  ignore line: [Change Dir: /Users/tjcorona/Development/Software/Albany/Dependencies/zlib-1.2.8/build/CMakeFiles/CMakeTmp]
  ignore line: []
  ignore line: [Run Build Command:"/usr/bin/make" "cmTC_f3d43/fast"]
  ignore line: [/Applications/Xcode.app/Contents/Developer/usr/bin/make -f CMakeFiles/cmTC_f3d43.dir/build.make CMakeFiles/cmTC_f3d43.dir/build]
  ignore line: [Building C object CMakeFiles/cmTC_f3d43.dir/CMakeCCompilerABI.c.o]
  ignore line: [/Applications/Xcode.app/Contents/Developer/Toolchains/XcodeDefault.xctoolchain/usr/bin/cc     -o CMakeFiles/cmTC_f3d43.dir/CMakeCCompilerABI.c.o   -c /usr/local/Cellar/cmake/3.6.0_1/share/cmake/Modules/CMakeCCompilerABI.c]
  ignore line: [Linking C executable cmTC_f3d43]
  ignore line: [/usr/local/Cellar/cmake/3.6.0_1/bin/cmake -E cmake_link_script CMakeFiles/cmTC_f3d43.dir/link.txt --verbose=1]
  ignore line: [/Applications/Xcode.app/Contents/Developer/Toolchains/XcodeDefault.xctoolchain/usr/bin/cc    -Wl,-search_paths_first -Wl,-headerpad_max_install_names  -v -Wl,-v CMakeFiles/cmTC_f3d43.dir/CMakeCCompilerABI.c.o  -o cmTC_f3d43   ]
  ignore line: [Apple LLVM version 7.3.0 (clang-703.0.31)]
  ignore line: [Target: x86_64-apple-darwin15.6.0]
  ignore line: [Thread model: posix]
  ignore line: [InstalledDir: /Applications/Xcode.app/Contents/Developer/Toolchains/XcodeDefault.xctoolchain/usr/bin]
  link line: [ "/Applications/Xcode.app/Contents/Developer/Toolchains/XcodeDefault.xctoolchain/usr/bin/ld" -demangle -dynamic -arch x86_64 -macosx_version_min 10.11.0 -o cmTC_f3d43 -search_paths_first -headerpad_max_install_names -v CMakeFiles/cmTC_f3d43.dir/CMakeCCompilerABI.c.o -lSystem /Applications/Xcode.app/Contents/Developer/Toolchains/XcodeDefault.xctoolchain/usr/bin/../lib/clang/7.3.0/lib/darwin/libclang_rt.osx.a]
    arg [/Applications/Xcode.app/Contents/Developer/Toolchains/XcodeDefault.xctoolchain/usr/bin/ld] ==> ignore
    arg [-demangle] ==> ignore
    arg [-dynamic] ==> ignore
    arg [-arch] ==> ignore
    arg [x86_64] ==> ignore
    arg [-macosx_version_min] ==> ignore
    arg [10.11.0] ==> ignore
    arg [-o] ==> ignore
    arg [cmTC_f3d43] ==> ignore
    arg [-search_paths_first] ==> ignore
    arg [-headerpad_max_install_names] ==> ignore
    arg [-v] ==> ignore
    arg [CMakeFiles/cmTC_f3d43.dir/CMakeCCompilerABI.c.o] ==> ignore
    arg [-lSystem] ==> lib [System]
    arg [/Applications/Xcode.app/Contents/Developer/Toolchains/XcodeDefault.xctoolchain/usr/bin/../lib/clang/7.3.0/lib/darwin/libclang_rt.osx.a] ==> lib [/Applications/Xcode.app/Contents/Developer/Toolchains/XcodeDefault.xctoolchain/usr/bin/../lib/clang/7.3.0/lib/darwin/libclang_rt.osx.a]
  Library search paths: [;/usr/lib;/usr/local/lib]
  Framework search paths: [;/Library/Frameworks/;/System/Library/Frameworks/]
  remove lib [System]
  collapse lib [/Applications/Xcode.app/Contents/Developer/Toolchains/XcodeDefault.xctoolchain/usr/bin/../lib/clang/7.3.0/lib/darwin/libclang_rt.osx.a] ==> [/Applications/Xcode.app/Contents/Developer/Toolchains/XcodeDefault.xctoolchain/usr/lib/clang/7.3.0/lib/darwin/libclang_rt.osx.a]
  collapse library dir [/usr/lib] ==> [/usr/lib]
  collapse library dir [/usr/local/lib] ==> [/usr/local/lib]
  collapse framework dir [/Library/Frameworks/] ==> [/Library/Frameworks]
  collapse framework dir [/System/Library/Frameworks/] ==> [/System/Library/Frameworks]
  implicit libs: [/Applications/Xcode.app/Contents/Developer/Toolchains/XcodeDefault.xctoolchain/usr/lib/clang/7.3.0/lib/darwin/libclang_rt.osx.a]
  implicit dirs: [/usr/lib;/usr/local/lib]
  implicit fwks: [/Library/Frameworks;/System/Library/Frameworks]




Detecting C [-std=c11] compiler features compiled with the following output:
Change Dir: /Users/tjcorona/Development/Software/Albany/Dependencies/zlib-1.2.8/build/CMakeFiles/CMakeTmp

Run Build Command:"/usr/bin/make" "cmTC_30e19/fast"
/Applications/Xcode.app/Contents/Developer/usr/bin/make -f CMakeFiles/cmTC_30e19.dir/build.make CMakeFiles/cmTC_30e19.dir/build
Building C object CMakeFiles/cmTC_30e19.dir/feature_tests.c.o
/Applications/Xcode.app/Contents/Developer/Toolchains/XcodeDefault.xctoolchain/usr/bin/cc    -std=c11 -o CMakeFiles/cmTC_30e19.dir/feature_tests.c.o   -c /Users/tjcorona/Development/Software/Albany/Dependencies/zlib-1.2.8/build/CMakeFiles/feature_tests.c
Linking C executable cmTC_30e19
/usr/local/Cellar/cmake/3.6.0_1/bin/cmake -E cmake_link_script CMakeFiles/cmTC_30e19.dir/link.txt --verbose=1
/Applications/Xcode.app/Contents/Developer/Toolchains/XcodeDefault.xctoolchain/usr/bin/cc    -Wl,-search_paths_first -Wl,-headerpad_max_install_names   CMakeFiles/cmTC_30e19.dir/feature_tests.c.o  -o cmTC_30e19  


    Feature record: C_FEATURE:1c_function_prototypes
    Feature record: C_FEATURE:1c_restrict
    Feature record: C_FEATURE:1c_static_assert
    Feature record: C_FEATURE:1c_variadic_macros


Detecting C [-std=c99] compiler features compiled with the following output:
Change Dir: /Users/tjcorona/Development/Software/Albany/Dependencies/zlib-1.2.8/build/CMakeFiles/CMakeTmp

Run Build Command:"/usr/bin/make" "cmTC_f8e5b/fast"
/Applications/Xcode.app/Contents/Developer/usr/bin/make -f CMakeFiles/cmTC_f8e5b.dir/build.make CMakeFiles/cmTC_f8e5b.dir/build
Building C object CMakeFiles/cmTC_f8e5b.dir/feature_tests.c.o
/Applications/Xcode.app/Contents/Developer/Toolchains/XcodeDefault.xctoolchain/usr/bin/cc    -std=c99 -o CMakeFiles/cmTC_f8e5b.dir/feature_tests.c.o   -c /Users/tjcorona/Development/Software/Albany/Dependencies/zlib-1.2.8/build/CMakeFiles/feature_tests.c
Linking C executable cmTC_f8e5b
/usr/local/Cellar/cmake/3.6.0_1/bin/cmake -E cmake_link_script CMakeFiles/cmTC_f8e5b.dir/link.txt --verbose=1
/Applications/Xcode.app/Contents/Developer/Toolchains/XcodeDefault.xctoolchain/usr/bin/cc    -Wl,-search_paths_first -Wl,-headerpad_max_install_names   CMakeFiles/cmTC_f8e5b.dir/feature_tests.c.o  -o cmTC_f8e5b  


    Feature record: C_FEATURE:1c_function_prototypes
    Feature record: C_FEATURE:1c_restrict
    Feature record: C_FEATURE:0c_static_assert
    Feature record: C_FEATURE:1c_variadic_macros


Detecting C [-std=c90] compiler features compiled with the following output:
Change Dir: /Users/tjcorona/Development/Software/Albany/Dependencies/zlib-1.2.8/build/CMakeFiles/CMakeTmp

Run Build Command:"/usr/bin/make" "cmTC_b10ec/fast"
/Applications/Xcode.app/Contents/Developer/usr/bin/make -f CMakeFiles/cmTC_b10ec.dir/build.make CMakeFiles/cmTC_b10ec.dir/build
Building C object CMakeFiles/cmTC_b10ec.dir/feature_tests.c.o
/Applications/Xcode.app/Contents/Developer/Toolchains/XcodeDefault.xctoolchain/usr/bin/cc    -std=c90 -o CMakeFiles/cmTC_b10ec.dir/feature_tests.c.o   -c /Users/tjcorona/Development/Software/Albany/Dependencies/zlib-1.2.8/build/CMakeFiles/feature_tests.c
Linking C executable cmTC_b10ec
/usr/local/Cellar/cmake/3.6.0_1/bin/cmake -E cmake_link_script CMakeFiles/cmTC_b10ec.dir/link.txt --verbose=1
/Applications/Xcode.app/Contents/Developer/Toolchains/XcodeDefault.xctoolchain/usr/bin/cc    -Wl,-search_paths_first -Wl,-headerpad_max_install_names   CMakeFiles/cmTC_b10ec.dir/feature_tests.c.o  -o cmTC_b10ec  


    Feature record: C_FEATURE:1c_function_prototypes
    Feature record: C_FEATURE:0c_restrict
    Feature record: C_FEATURE:0c_static_assert
    Feature record: C_FEATURE:0c_variadic_macros
Determining if the include file sys/types.h exists passed with the following output:
Change Dir: /Users/tjcorona/Development/Software/Albany/Dependencies/zlib-1.2.8/build/CMakeFiles/CMakeTmp

Run Build Command:"/usr/bin/make" "cmTC_ae061/fast"
/Applications/Xcode.app/Contents/Developer/usr/bin/make -f CMakeFiles/cmTC_ae061.dir/build.make CMakeFiles/cmTC_ae061.dir/build
Building C object CMakeFiles/cmTC_ae061.dir/CheckIncludeFile.c.o
/Applications/Xcode.app/Contents/Developer/Toolchains/XcodeDefault.xctoolchain/usr/bin/cc     -o CMakeFiles/cmTC_ae061.dir/CheckIncludeFile.c.o   -c /Users/tjcorona/Development/Software/Albany/Dependencies/zlib-1.2.8/build/CMakeFiles/CMakeTmp/CheckIncludeFile.c
Linking C executable cmTC_ae061
/usr/local/Cellar/cmake/3.6.0_1/bin/cmake -E cmake_link_script CMakeFiles/cmTC_ae061.dir/link.txt --verbose=1
/Applications/Xcode.app/Contents/Developer/Toolchains/XcodeDefault.xctoolchain/usr/bin/cc    -Wl,-search_paths_first -Wl,-headerpad_max_install_names   CMakeFiles/cmTC_ae061.dir/CheckIncludeFile.c.o  -o cmTC_ae061  


Determining if the include file stdint.h exists passed with the following output:
Change Dir: /Users/tjcorona/Development/Software/Albany/Dependencies/zlib-1.2.8/build/CMakeFiles/CMakeTmp

Run Build Command:"/usr/bin/make" "cmTC_0f59a/fast"
/Applications/Xcode.app/Contents/Developer/usr/bin/make -f CMakeFiles/cmTC_0f59a.dir/build.make CMakeFiles/cmTC_0f59a.dir/build
Building C object CMakeFiles/cmTC_0f59a.dir/CheckIncludeFile.c.o
/Applications/Xcode.app/Contents/Developer/Toolchains/XcodeDefault.xctoolchain/usr/bin/cc     -o CMakeFiles/cmTC_0f59a.dir/CheckIncludeFile.c.o   -c /Users/tjcorona/Development/Software/Albany/Dependencies/zlib-1.2.8/build/CMakeFiles/CMakeTmp/CheckIncludeFile.c
Linking C executable cmTC_0f59a
/usr/local/Cellar/cmake/3.6.0_1/bin/cmake -E cmake_link_script CMakeFiles/cmTC_0f59a.dir/link.txt --verbose=1
/Applications/Xcode.app/Contents/Developer/Toolchains/XcodeDefault.xctoolchain/usr/bin/cc    -Wl,-search_paths_first -Wl,-headerpad_max_install_names   CMakeFiles/cmTC_0f59a.dir/CheckIncludeFile.c.o  -o cmTC_0f59a  


Determining if the include file stddef.h exists passed with the following output:
Change Dir: /Users/tjcorona/Development/Software/Albany/Dependencies/zlib-1.2.8/build/CMakeFiles/CMakeTmp

Run Build Command:"/usr/bin/make" "cmTC_f82dc/fast"
/Applications/Xcode.app/Contents/Developer/usr/bin/make -f CMakeFiles/cmTC_f82dc.dir/build.make CMakeFiles/cmTC_f82dc.dir/build
Building C object CMakeFiles/cmTC_f82dc.dir/CheckIncludeFile.c.o
/Applications/Xcode.app/Contents/Developer/Toolchains/XcodeDefault.xctoolchain/usr/bin/cc     -o CMakeFiles/cmTC_f82dc.dir/CheckIncludeFile.c.o   -c /Users/tjcorona/Development/Software/Albany/Dependencies/zlib-1.2.8/build/CMakeFiles/CMakeTmp/CheckIncludeFile.c
Linking C executable cmTC_f82dc
/usr/local/Cellar/cmake/3.6.0_1/bin/cmake -E cmake_link_script CMakeFiles/cmTC_f82dc.dir/link.txt --verbose=1
/Applications/Xcode.app/Contents/Developer/Toolchains/XcodeDefault.xctoolchain/usr/bin/cc    -Wl,-search_paths_first -Wl,-headerpad_max_install_names   CMakeFiles/cmTC_f82dc.dir/CheckIncludeFile.c.o  -o cmTC_f82dc  


Determining if the function fseeko exists passed with the following output:
Change Dir: /Users/tjcorona/Development/Software/Albany/Dependencies/zlib-1.2.8/build/CMakeFiles/CMakeTmp

Run Build Command:"/usr/bin/make" "cmTC_f113e/fast"
/Applications/Xcode.app/Contents/Developer/usr/bin/make -f CMakeFiles/cmTC_f113e.dir/build.make CMakeFiles/cmTC_f113e.dir/build
Building C object CMakeFiles/cmTC_f113e.dir/CheckFunctionExists.c.o
/Applications/Xcode.app/Contents/Developer/Toolchains/XcodeDefault.xctoolchain/usr/bin/cc    -DCHECK_FUNCTION_EXISTS=fseeko   -o CMakeFiles/cmTC_f113e.dir/CheckFunctionExists.c.o   -c /usr/local/Cellar/cmake/3.6.0_1/share/cmake/Modules/CheckFunctionExists.c
Linking C executable cmTC_f113e
/usr/local/Cellar/cmake/3.6.0_1/bin/cmake -E cmake_link_script CMakeFiles/cmTC_f113e.dir/link.txt --verbose=1
/Applications/Xcode.app/Contents/Developer/Toolchains/XcodeDefault.xctoolchain/usr/bin/cc   -DCHECK_FUNCTION_EXISTS=fseeko -Wl,-search_paths_first -Wl,-headerpad_max_install_names   CMakeFiles/cmTC_f113e.dir/CheckFunctionExists.c.o  -o cmTC_f113e  


Determining if the include file unistd.h exists passed with the following output:
Change Dir: /Users/tjcorona/Development/Software/Albany/Dependencies/zlib-1.2.8/build/CMakeFiles/CMakeTmp

Run Build Command:"/usr/bin/make" "cmTC_076da/fast"
/Applications/Xcode.app/Contents/Developer/usr/bin/make -f CMakeFiles/cmTC_076da.dir/build.make CMakeFiles/cmTC_076da.dir/build
Building C object CMakeFiles/cmTC_076da.dir/CheckIncludeFile.c.o
/Applications/Xcode.app/Contents/Developer/Toolchains/XcodeDefault.xctoolchain/usr/bin/cc     -o CMakeFiles/cmTC_076da.dir/CheckIncludeFile.c.o   -c /Users/tjcorona/Development/Software/Albany/Dependencies/zlib-1.2.8/build/CMakeFiles/CMakeTmp/CheckIncludeFile.c
Linking C executable cmTC_076da
/usr/local/Cellar/cmake/3.6.0_1/bin/cmake -E cmake_link_script CMakeFiles/cmTC_076da.dir/link.txt --verbose=1
/Applications/Xcode.app/Contents/Developer/Toolchains/XcodeDefault.xctoolchain/usr/bin/cc    -Wl,-search_paths_first -Wl,-headerpad_max_install_names   CMakeFiles/cmTC_076da.dir/CheckIncludeFile.c.o  -o cmTC_076da  


